Android Studio/JugnooNewUI/jugnooNewUI/build/outputs/logs/manifest-merger-release-report.txt
-- Merging decision tree log ---
manifest
ADDED from AndroidManifest.xml:2:1
	xmlns:android
		ADDED from AndroidManifest.xml:2:11
	package
		ADDED from AndroidManifest.xml:3:5
		INJECTED from AndroidManifest.xml:0:0
		INJECTED from AndroidManifest.xml:0:0
	android:versionName
		ADDED from AndroidManifest.xml:5:5
	android:versionCode
		ADDED from AndroidManifest.xml:4:5
		INJECTED from AndroidManifest.xml:0:0
		INJECTED from AndroidManifest.xml:0:0
uses-sdk
ADDED from AndroidManifest.xml:9:5
MERGED from JugnooNewUI:facebookSDK:unspecified:20:5
MERGED from com.android.support:support-v4:22.0.0:20:5
MERGED from com.google.android.gms:play-services:7.3.0:18:5
MERGED from com.google.android.gms:play-services-ads:7.3.0:18:5
MERGED from com.google.android.gms:play-services-base:7.3.0:18:5
MERGED from com.android.support:support-v4:22.0.0:20:5
MERGED from com.google.android.gms:play-services-analytics:7.3.0:18:5
MERGED from com.google.android.gms:play-services-base:7.3.0:18:5
MERGED from com.android.support:support-v4:22.0.0:20:5
MERGED from com.google.android.gms:play-services-analytics:7.3.0:18:5
MERGED from com.google.android.gms:play-services-base:7.3.0:18:5
MERGED from com.android.support:support-v4:22.0.0:20:5
MERGED from com.google.android.gms:play-services-appindexing:7.3.0:18:5
MERGED from com.google.android.gms:play-services-base:7.3.0:18:5
MERGED from com.android.support:support-v4:22.0.0:20:5
MERGED from com.google.android.gms:play-services-appinvite:7.3.0:18:5
MERGED from com.google.android.gms:play-services-base:7.3.0:18:5
MERGED from com.android.support:support-v4:22.0.0:20:5
MERGED from com.google.android.gms:play-services-appstate:7.3.0:18:5
MERGED from com.google.android.gms:play-services-base:7.3.0:18:5
MERGED from com.android.support:support-v4:22.0.0:20:5
MERGED from com.google.android.gms:play-services-base:7.3.0:18:5
MERGED from com.android.support:support-v4:22.0.0:20:5
MERGED from com.google.android.gms:play-services-cast:7.3.0:18:5
MERGED from com.google.android.gms:play-services-base:7.3.0:18:5
MERGED from com.android.support:support-v4:22.0.0:20:5
MERGED from com.google.android.gms:play-services-drive:7.3.0:18:5
MERGED from com.google.android.gms:play-services-base:7.3.0:18:5
MERGED from com.android.support:support-v4:22.0.0:20:5
MERGED from com.google.android.gms:play-services-fitness:7.3.0:18:5
MERGED from com.google.android.gms:play-services-base:7.3.0:18:5
MERGED from com.android.support:support-v4:22.0.0:20:5
MERGED from com.google.android.gms:play-services-location:7.3.0:18:5
MERGED from com.google.android.gms:play-services-base:7.3.0:18:5
MERGED from com.android.support:support-v4:22.0.0:20:5
MERGED from com.google.android.gms:play-services-maps:7.3.0:18:5
MERGED from com.google.android.gms:play-services-base:7.3.0:18:5
MERGED from com.android.support:support-v4:22.0.0:20:5
MERGED from com.google.android.gms:play-services-games:7.3.0:18:5
MERGED from com.google.android.gms:play-services-base:7.3.0:18:5
MERGED from com.android.support:support-v4:22.0.0:20:5
MERGED from com.google.android.gms:play-services-drive:7.3.0:18:5
MERGED from com.google.android.gms:play-services-base:7.3.0:18:5
MERGED from com.android.support:support-v4:22.0.0:20:5
MERGED from com.google.android.gms:play-services-gcm:7.3.0:18:5
MERGED from com.google.android.gms:play-services-base:7.3.0:18:5
MERGED from com.android.support:support-v4:22.0.0:20:5
MERGED from com.google.android.gms:play-services-identity:7.3.0:18:5
MERGED from com.google.android.gms:play-services-base:7.3.0:18:5
MERGED from com.android.support:support-v4:22.0.0:20:5
MERGED from com.google.android.gms:play-services-location:7.3.0:18:5
MERGED from com.google.android.gms:play-services-base:7.3.0:18:5
MERGED from com.android.support:support-v4:22.0.0:20:5
MERGED from com.google.android.gms:play-services-maps:7.3.0:18:5
MERGED from com.google.android.gms:play-services-base:7.3.0:18:5
MERGED from com.android.support:support-v4:22.0.0:20:5
MERGED from com.google.android.gms:play-services-maps:7.3.0:18:5
MERGED from com.google.android.gms:play-services-base:7.3.0:18:5
MERGED from com.android.support:support-v4:22.0.0:20:5
MERGED from com.google.android.gms:play-services-nearby:7.3.0:18:5
MERGED from com.google.android.gms:play-services-base:7.3.0:18:5
MERGED from com.android.support:support-v4:22.0.0:20:5
MERGED from com.google.android.gms:play-services-panorama:7.3.0:18:5
MERGED from com.google.android.gms:play-services-base:7.3.0:18:5
MERGED from com.android.support:support-v4:22.0.0:20:5
MERGED from com.google.android.gms:play-services-plus:7.3.0:18:5
MERGED from com.google.android.gms:play-services-base:7.3.0:18:5
MERGED from com.android.support:support-v4:22.0.0:20:5
MERGED from com.google.android.gms:play-services-safetynet:7.3.0:18:5
MERGED from com.google.android.gms:play-services-base:7.3.0:18:5
MERGED from com.android.support:support-v4:22.0.0:20:5
MERGED from com.google.android.gms:play-services-wallet:7.3.0:18:5
MERGED from com.google.android.gms:play-services-base:7.3.0:18:5
MERGED from com.android.support:support-v4:22.0.0:20:5
MERGED from com.google.android.gms:play-services-identity:7.3.0:18:5
MERGED from com.google.android.gms:play-services-base:7.3.0:18:5
MERGED from com.android.support:support-v4:22.0.0:20:5
MERGED from com.google.android.gms:play-services-maps:7.3.0:18:5
MERGED from com.google.android.gms:play-services-base:7.3.0:18:5
MERGED from com.android.support:support-v4:22.0.0:20:5
MERGED from com.google.android.gms:play-services-wearable:7.3.0:18:5
MERGED from com.google.android.gms:play-services-base:7.3.0:18:5
MERGED from com.android.support:support-v4:22.0.0:20:5
MERGED from com.crashlytics.sdk.android:crashlytics:2.2.4:7:5
MERGED from com.crashlytics.sdk.android:answers:1.2.0:7:5
MERGED from io.fabric.sdk.android:fabric:1.3.1:7:5
MERGED from com.crashlytics.sdk.android:beta:1.1.2:7:5
MERGED from io.fabric.sdk.android:fabric:1.3.1:7:5
	android:targetSdkVersion
		ADDED from AndroidManifest.xml:11:9
		INJECTED from AndroidManifest.xml:0:0
		INJECTED from AndroidManifest.xml:0:0
	android:minSdkVersion
		ADDED from AndroidManifest.xml:10:9
		INJECTED from AndroidManifest.xml:0:0
		INJECTED from AndroidManifest.xml:0:0
uses-permission#android.permission.ACCESS_FINE_LOCATION
ADDED from AndroidManifest.xml:13:5
	android:name
		ADDED from AndroidManifest.xml:13:22
uses-permission#android.permission.ACCESS_COARSE_LOCATION
ADDED from AndroidManifest.xml:14:5
	android:name
		ADDED from AndroidManifest.xml:14:22
uses-permission#android.permission.INTERNET
ADDED from AndroidManifest.xml:15:5
MERGED from com.crashlytics.sdk.android:crashlytics:2.2.4:9:5
	android:name
		ADDED from AndroidManifest.xml:15:22
uses-permission#android.permission.ACCESS_WIFI_STATE
ADDED from AndroidManifest.xml:16:5
	android:name
		ADDED from AndroidManifest.xml:16:22
uses-permission#android.permission.ACCESS_NETWORK_STATE
ADDED from AndroidManifest.xml:17:5
	android:name
		ADDED from AndroidManifest.xml:17:22
uses-permission#android.permission.READ_EXTERNAL_STORAGE
ADDED from AndroidManifest.xml:18:5
	android:name
		ADDED from AndroidManifest.xml:18:22
uses-permission#android.permission.WRITE_EXTERNAL_STORAGE
ADDED from AndroidManifest.xml:19:5
	android:name
		ADDED from AndroidManifest.xml:19:22
uses-permission#android.permission.WAKE_LOCK
ADDED from AndroidManifest.xml:20:5
	android:name
		ADDED from AndroidManifest.xml:20:22
uses-permission#android.permission.GET_ACCOUNTS
ADDED from AndroidManifest.xml:21:5
	android:name
		ADDED from AndroidManifest.xml:21:22
uses-permission#android.permission.READ_PHONE_STATE
ADDED from AndroidManifest.xml:22:5
	android:name
		ADDED from AndroidManifest.xml:22:22
permission#product.clicklabs.jugnoo.permission.C2D_MESSAGE
ADDED from AndroidManifest.xml:26:5
	android:protectionLevel
		ADDED from AndroidManifest.xml:28:9
	android:name
		ADDED from AndroidManifest.xml:27:9
uses-permission#com.google.android.c2dm.permission.RECEIVE
ADDED from AndroidManifest.xml:29:2
	android:name
		ADDED from AndroidManifest.xml:29:19
uses-permission#android.permission.READ_PROFILE
ADDED from AndroidManifest.xml:30:5
	android:name
		ADDED from AndroidManifest.xml:30:22
uses-permission#product.clicklabs.jugnoo.permission.C2D_MESSAGE
ADDED from AndroidManifest.xml:31:5
	android:name
		ADDED from AndroidManifest.xml:31:22
permission#product.clicklabs.jugnoo.permission.MAPS_RECEIVE
ADDED from AndroidManifest.xml:33:5
	android:protectionLevel
		ADDED from AndroidManifest.xml:35:9
	android:name
		ADDED from AndroidManifest.xml:34:9
uses-feature#0x00020000
ADDED from AndroidManifest.xml:37:5
	android:required
		ADDED from AndroidManifest.xml:39:9
	android:glEsVersion
		ADDED from AndroidManifest.xml:38:9
uses-permission#product.clicklabs.jugnoo.permission.MAPS_RECEIVE
ADDED from AndroidManifest.xml:41:5
	android:name
		ADDED from AndroidManifest.xml:41:22
uses-permission#com.google.android.providers.gsf.permission.READ_GSERVICES
ADDED from AndroidManifest.xml:42:5
	android:name
		ADDED from AndroidManifest.xml:42:22
application
ADDED from AndroidManifest.xml:48:5
MERGED from JugnooNewUI:facebookSDK:unspecified:24:5
MERGED from com.android.support:support-v4:22.0.0:22:5
MERGED from com.google.android.gms:play-services:7.3.0:19:5
MERGED from com.google.android.gms:play-services-ads:7.3.0:19:5
MERGED from com.google.android.gms:play-services-base:7.3.0:20:5
MERGED from com.android.support:support-v4:22.0.0:22:5
MERGED from com.google.android.gms:play-services-analytics:7.3.0:19:5
MERGED from com.google.android.gms:play-services-base:7.3.0:20:5
MERGED from com.android.support:support-v4:22.0.0:22:5
MERGED from com.google.android.gms:play-services-analytics:7.3.0:19:5
MERGED from com.google.android.gms:play-services-base:7.3.0:20:5
MERGED from com.android.support:support-v4:22.0.0:22:5
MERGED from com.google.android.gms:play-services-appindexing:7.3.0:19:5
MERGED from com.google.android.gms:play-services-base:7.3.0:20:5
MERGED from com.android.support:support-v4:22.0.0:22:5
MERGED from com.google.android.gms:play-services-appinvite:7.3.0:19:5
MERGED from com.google.android.gms:play-services-base:7.3.0:20:5
MERGED from com.android.support:support-v4:22.0.0:22:5
MERGED from com.google.android.gms:play-services-appstate:7.3.0:19:5
MERGED from com.google.android.gms:play-services-base:7.3.0:20:5
MERGED from com.android.support:support-v4:22.0.0:22:5
MERGED from com.google.android.gms:play-services-base:7.3.0:20:5
MERGED from com.android.support:support-v4:22.0.0:22:5
MERGED from com.google.android.gms:play-services-cast:7.3.0:19:5
MERGED from com.google.android.gms:play-services-base:7.3.0:20:5
MERGED from com.android.support:support-v4:22.0.0:22:5
MERGED from com.google.android.gms:play-services-drive:7.3.0:19:5
MERGED from com.google.android.gms:play-services-base:7.3.0:20:5
MERGED from com.android.support:support-v4:22.0.0:22:5
MERGED from com.google.android.gms:play-services-fitness:7.3.0:19:5
MERGED from com.google.android.gms:play-services-base:7.3.0:20:5
MERGED from com.android.support:support-v4:22.0.0:22:5
MERGED from com.google.android.gms:play-services-location:7.3.0:19:5
MERGED from com.google.android.gms:play-services-base:7.3.0:20:5
MERGED from com.android.support:support-v4:22.0.0:22:5
MERGED from com.google.android.gms:play-services-maps:7.3.0:19:5
MERGED from com.google.android.gms:play-services-base:7.3.0:20:5
MERGED from com.android.support:support-v4:22.0.0:22:5
MERGED from com.google.android.gms:play-services-games:7.3.0:19:5
MERGED from com.google.android.gms:play-services-base:7.3.0:20:5
MERGED from com.android.support:support-v4:22.0.0:22:5
MERGED from com.google.android.gms:play-services-drive:7.3.0:19:5
MERGED from com.google.android.gms:play-services-base:7.3.0:20:5
MERGED from com.android.support:support-v4:22.0.0:22:5
MERGED from com.google.android.gms:play-services-gcm:7.3.0:19:5
MERGED from com.google.android.gms:play-services-base:7.3.0:20:5
MERGED from com.android.support:support-v4:22.0.0:22:5
MERGED from com.google.android.gms:play-services-identity:7.3.0:19:5
MERGED from com.google.android.gms:play-services-base:7.3.0:20:5
MERGED from com.android.support:support-v4:22.0.0:22:5
MERGED from com.google.android.gms:play-services-location:7.3.0:19:5
MERGED from com.google.android.gms:play-services-base:7.3.0:20:5
MERGED from com.android.support:support-v4:22.0.0:22:5
MERGED from com.google.android.gms:play-services-maps:7.3.0:19:5
MERGED from com.google.android.gms:play-services-base:7.3.0:20:5
MERGED from com.android.support:support-v4:22.0.0:22:5
MERGED from com.google.android.gms:play-services-maps:7.3.0:19:5
MERGED from com.google.android.gms:play-services-base:7.3.0:20:5
MERGED from com.android.support:support-v4:22.0.0:22:5
MERGED from com.google.android.gms:play-services-nearby:7.3.0:19:5
MERGED from com.google.android.gms:play-services-base:7.3.0:20:5
MERGED from com.android.support:support-v4:22.0.0:22:5
MERGED from com.google.android.gms:play-services-panorama:7.3.0:19:5
MERGED from com.google.android.gms:play-services-base:7.3.0:20:5
MERGED from com.android.support:support-v4:22.0.0:22:5
MERGED from com.google.android.gms:play-services-plus:7.3.0:19:5
MERGED from com.google.android.gms:play-services-base:7.3.0:20:5
MERGED from com.android.support:support-v4:22.0.0:22:5
MERGED from com.google.android.gms:play-services-safetynet:7.3.0:19:5
MERGED from com.google.android.gms:play-services-base:7.3.0:20:5
MERGED from com.android.support:support-v4:22.0.0:22:5
MERGED from com.google.android.gms:play-services-wallet:7.3.0:19:5
MERGED from com.google.android.gms:play-services-base:7.3.0:20:5
MERGED from com.android.support:support-v4:22.0.0:22:5
MERGED from com.google.android.gms:play-services-identity:7.3.0:19:5
MERGED from com.google.android.gms:play-services-base:7.3.0:20:5
MERGED from com.android.support:support-v4:22.0.0:22:5
MERGED from com.google.android.gms:play-services-maps:7.3.0:19:5
MERGED from com.google.android.gms:play-services-base:7.3.0:20:5
MERGED from com.android.support:support-v4:22.0.0:22:5
MERGED from com.google.android.gms:play-services-wearable:7.3.0:19:5
MERGED from com.google.android.gms:play-services-base:7.3.0:20:5
MERGED from com.android.support:support-v4:22.0.0:22:5
MERGED from com.crashlytics.sdk.android:crashlytics:2.2.4:11:5
MERGED from com.crashlytics.sdk.android:answers:1.2.0:9:5
MERGED from io.fabric.sdk.android:fabric:1.3.1:9:5
MERGED from com.crashlytics.sdk.android:beta:1.1.2:9:5
MERGED from io.fabric.sdk.android:fabric:1.3.1:9:5
	android:screenOrientation
		ADDED from AndroidManifest.xml:52:9
	android:label
		ADDED from AndroidManifest.xml:51:9
	android:allowBackup
		ADDED from AndroidManifest.xml:49:9
	android:icon
		ADDED from AndroidManifest.xml:50:9
	android:theme
		ADDED from AndroidManifest.xml:53:9
receiver#product.clicklabs.jugnoo.GcmBroadcastReceiver
ADDED from AndroidManifest.xml:58:9
	android:permission
		ADDED from AndroidManifest.xml:60:13
	android:name
		ADDED from AndroidManifest.xml:59:13
intent-filter#com.google.android.c2dm.intent.RECEIVE+com.google.android.c2dm.intent.REGISTRATION+product.clicklabs.jugnoo
ADDED from AndroidManifest.xml:61:13
action#com.google.android.c2dm.intent.RECEIVE
ADDED from AndroidManifest.xml:62:17
	android:name
		ADDED from AndroidManifest.xml:62:25
action#com.google.android.c2dm.intent.REGISTRATION
ADDED from AndroidManifest.xml:63:17
	android:name
		ADDED from AndroidManifest.xml:63:25
category#product.clicklabs.jugnoo
ADDED from AndroidManifest.xml:65:17
	android:name
		ADDED from AndroidManifest.xml:65:27
service#product.clicklabs.jugnoo.GCMIntentService
ADDED from AndroidManifest.xml:70:9
	android:name
		ADDED from AndroidManifest.xml:70:18
activity#product.clicklabs.jugnoo.SplashNewActivity
ADDED from AndroidManifest.xml:72:9
	android:screenOrientation
		ADDED from AndroidManifest.xml:75:13
	android:label
		ADDED from AndroidManifest.xml:74:13
	android:name
		ADDED from AndroidManifest.xml:73:13
intent-filter#android.intent.action.MAIN+android.intent.category.LAUNCHER
ADDED from AndroidManifest.xml:76:14
action#android.intent.action.MAIN
ADDED from AndroidManifest.xml:77:17
	android:name
		ADDED from AndroidManifest.xml:77:25
category#android.intent.category.LAUNCHER
ADDED from AndroidManifest.xml:79:17
	android:name
		ADDED from AndroidManifest.xml:79:27
intent-filter#android.intent.action.VIEW+android.intent.category.BROWSABLE+android.intent.category.DEFAULT
ADDED from AndroidManifest.xml:82:14
data
ADDED from AndroidManifest.xml:83:14
	android:scheme
		ADDED from AndroidManifest.xml:83:20
action#android.intent.action.VIEW
ADDED from AndroidManifest.xml:84:11
	android:name
		ADDED from AndroidManifest.xml:84:19
category#android.intent.category.BROWSABLE
ADDED from AndroidManifest.xml:85:11
	android:name
		ADDED from AndroidManifest.xml:85:21
category#android.intent.category.DEFAULT
ADDED from AndroidManifest.xml:86:11
	android:name
		ADDED from AndroidManifest.xml:86:21
activity#product.clicklabs.jugnoo.SplashLogin
ADDED from AndroidManifest.xml:91:9
	android:screenOrientation
		ADDED from AndroidManifest.xml:94:13
	android:label
		ADDED from AndroidManifest.xml:93:13
	android:name
		ADDED from AndroidManifest.xml:92:13
activity#product.clicklabs.jugnoo.HomeActivity
ADDED from AndroidManifest.xml:96:9
	android:screenOrientation
		ADDED from AndroidManifest.xml:99:13
	android:label
		ADDED from AndroidManifest.xml:98:13
	android:name
		ADDED from AndroidManifest.xml:97:13
activity#product.clicklabs.jugnoo.RegisterScreen
ADDED from AndroidManifest.xml:102:10
	android:screenOrientation
		ADDED from AndroidManifest.xml:105:13
	android:label
		ADDED from AndroidManifest.xml:104:13
	android:name
		ADDED from AndroidManifest.xml:103:13
activity#product.clicklabs.jugnoo.ForgotPasswordScreen
ADDED from AndroidManifest.xml:109:11
	android:screenOrientation
		ADDED from AndroidManifest.xml:112:13
	android:label
		ADDED from AndroidManifest.xml:111:13
	android:name
		ADDED from AndroidManifest.xml:110:13
activity#product.clicklabs.jugnoo.PromotionsActivity
ADDED from AndroidManifest.xml:117:13
	android:screenOrientation
		ADDED from AndroidManifest.xml:120:13
	android:label
		ADDED from AndroidManifest.xml:119:13
	android:name
		ADDED from AndroidManifest.xml:118:13
activity#product.clicklabs.jugnoo.OTPConfirmScreen
ADDED from AndroidManifest.xml:123:13
	android:screenOrientation
		ADDED from AndroidManifest.xml:126:13
	android:label
		ADDED from AndroidManifest.xml:125:13
	android:name
		ADDED from AndroidManifest.xml:124:13
activity#product.clicklabs.jugnoo.ShareActivity
ADDED from AndroidManifest.xml:129:13
	android:screenOrientation
		ADDED from AndroidManifest.xml:132:13
	android:label
		ADDED from AndroidManifest.xml:131:13
	android:name
		ADDED from AndroidManifest.xml:130:13
activity#product.clicklabs.jugnoo.HelpParticularActivity
ADDED from AndroidManifest.xml:135:13
	android:screenOrientation
		ADDED from AndroidManifest.xml:138:13
	android:label
		ADDED from AndroidManifest.xml:137:13
	android:name
		ADDED from AndroidManifest.xml:136:13
activity#product.clicklabs.jugnoo.ItemInfosListActivity
ADDED from AndroidManifest.xml:148:14
	android:screenOrientation
		ADDED from AndroidManifest.xml:151:13
	android:label
		ADDED from AndroidManifest.xml:150:13
	android:name
		ADDED from AndroidManifest.xml:149:13
activity#product.clicklabs.jugnoo.ItemInfoDescriptionActivity
ADDED from AndroidManifest.xml:154:14
	android:screenOrientation
		ADDED from AndroidManifest.xml:157:13
	android:label
		ADDED from AndroidManifest.xml:156:13
	android:name
		ADDED from AndroidManifest.xml:155:13
activity#product.clicklabs.jugnoo.ItemsCheckoutActivity
ADDED from AndroidManifest.xml:160:14
	android:screenOrientation
		ADDED from AndroidManifest.xml:163:13
	android:label
		ADDED from AndroidManifest.xml:162:13
	android:name
		ADDED from AndroidManifest.xml:161:13
activity#product.clicklabs.jugnoo.ItemsCheckoutTNCActivity
ADDED from AndroidManifest.xml:166:14
	android:screenOrientation
		ADDED from AndroidManifest.xml:169:13
	android:label
		ADDED from AndroidManifest.xml:168:13
	android:name
		ADDED from AndroidManifest.xml:167:13
activity#product.clicklabs.jugnoo.WalletActivity
ADDED from AndroidManifest.xml:176:14
	android:screenOrientation
		ADDED from AndroidManifest.xml:179:13
	android:label
		ADDED from AndroidManifest.xml:178:13
	android:name
		ADDED from AndroidManifest.xml:177:13
activity#product.clicklabs.jugnoo.WalletAddPaymentActivity
ADDED from AndroidManifest.xml:182:14
	android:screenOrientation
		ADDED from AndroidManifest.xml:185:13
	android:label
		ADDED from AndroidManifest.xml:184:13
	android:name
		ADDED from AndroidManifest.xml:183:13
activity#product.clicklabs.jugnoo.WalletWebviewActivity
ADDED from AndroidManifest.xml:188:14
	android:screenOrientation
		ADDED from AndroidManifest.xml:191:13
	android:label
		ADDED from AndroidManifest.xml:190:13
	android:name
		ADDED from AndroidManifest.xml:189:13
activity#product.clicklabs.jugnoo.SupportActivity
ADDED from AndroidManifest.xml:201:14
	android:screenOrientation
		ADDED from AndroidManifest.xml:204:13
	android:label
		ADDED from AndroidManifest.xml:203:13
	android:name
		ADDED from AndroidManifest.xml:202:13
activity#product.clicklabs.jugnoo.FeedbackActivity
ADDED from AndroidManifest.xml:207:14
	android:screenOrientation
		ADDED from AndroidManifest.xml:210:13
	android:label
		ADDED from AndroidManifest.xml:209:13
	android:name
		ADDED from AndroidManifest.xml:208:13
activity#product.clicklabs.jugnoo.AboutActivity
ADDED from AndroidManifest.xml:213:14
	android:screenOrientation
		ADDED from AndroidManifest.xml:216:13
	android:label
		ADDED from AndroidManifest.xml:215:13
	android:name
		ADDED from AndroidManifest.xml:214:13
activity#product.clicklabs.jugnoo.AccountActivity
ADDED from AndroidManifest.xml:219:14
	android:screenOrientation
		ADDED from AndroidManifest.xml:222:13
	android:label
		ADDED from AndroidManifest.xml:221:13
	android:name
		ADDED from AndroidManifest.xml:220:13
activity#product.clicklabs.jugnoo.PhoneNoOTPConfirmScreen
ADDED from AndroidManifest.xml:225:14
	android:screenOrientation
		ADDED from AndroidManifest.xml:228:13
	android:label
		ADDED from AndroidManifest.xml:227:13
	android:name
		ADDED from AndroidManifest.xml:226:13
activity#product.clicklabs.jugnoo.RideTransactionsActivity
ADDED from AndroidManifest.xml:231:14
	android:screenOrientation
		ADDED from AndroidManifest.xml:234:13
	android:label
		ADDED from AndroidManifest.xml:233:13
	android:name
		ADDED from AndroidManifest.xml:232:13
activity#product.clicklabs.jugnoo.RideCancellationActivity
ADDED from AndroidManifest.xml:237:14
	android:screenOrientation
		ADDED from AndroidManifest.xml:240:13
	android:label
		ADDED from AndroidManifest.xml:239:13
	android:name
		ADDED from AndroidManifest.xml:238:13
activity#product.clicklabs.jugnoo.ChangePasswordActivity
ADDED from AndroidManifest.xml:243:9
	android:screenOrientation
		ADDED from AndroidManifest.xml:246:13
	android:label
		ADDED from AndroidManifest.xml:245:13
	android:name
		ADDED from AndroidManifest.xml:244:13
activity#product.clicklabs.jugnoo.MultipleAccountsActivity
ADDED from AndroidManifest.xml:249:9
	android:screenOrientation
		ADDED from AndroidManifest.xml:252:13
	android:label
		ADDED from AndroidManifest.xml:251:13
	android:name
		ADDED from AndroidManifest.xml:250:13
activity#product.clicklabs.jugnoo.RequestDuplicateRegistrationActivity
ADDED from AndroidManifest.xml:255:9
	android:screenOrientation
		ADDED from AndroidManifest.xml:258:13
	android:label
		ADDED from AndroidManifest.xml:257:13
	android:name
		ADDED from AndroidManifest.xml:256:13
activity#product.clicklabs.jugnoo.ChangePhoneBeforeOTPActivity
ADDED from AndroidManifest.xml:261:9
	android:screenOrientation
		ADDED from AndroidManifest.xml:264:13
	android:label
		ADDED from AndroidManifest.xml:263:13
	android:name
		ADDED from AndroidManifest.xml:262:13
activity#product.clicklabs.jugnoo.DebugOptionsActivity
ADDED from AndroidManifest.xml:267:9
	android:screenOrientation
		ADDED from AndroidManifest.xml:270:13
	android:label
		ADDED from AndroidManifest.xml:269:13
	android:name
		ADDED from AndroidManifest.xml:268:13
meta-data#com.google.android.gms.version
ADDED from AndroidManifest.xml:275:9
MERGED from com.google.android.gms:play-services-base:7.3.0:21:9
MERGED from com.google.android.gms:play-services-base:7.3.0:21:9
MERGED from com.google.android.gms:play-services-base:7.3.0:21:9
MERGED from com.google.android.gms:play-services-base:7.3.0:21:9
MERGED from com.google.android.gms:play-services-base:7.3.0:21:9
MERGED from com.google.android.gms:play-services-base:7.3.0:21:9
MERGED from com.google.android.gms:play-services-base:7.3.0:21:9
MERGED from com.google.android.gms:play-services-base:7.3.0:21:9
MERGED from com.google.android.gms:play-services-base:7.3.0:21:9
MERGED from com.google.android.gms:play-services-base:7.3.0:21:9
MERGED from com.google.android.gms:play-services-base:7.3.0:21:9
MERGED from com.google.android.gms:play-services-base:7.3.0:21:9
MERGED from com.google.android.gms:play-services-base:7.3.0:21:9
MERGED from com.google.android.gms:play-services-base:7.3.0:21:9
MERGED from com.google.android.gms:play-services-base:7.3.0:21:9
MERGED from com.google.android.gms:play-services-base:7.3.0:21:9
MERGED from com.google.android.gms:play-services-base:7.3.0:21:9
MERGED from com.google.android.gms:play-services-base:7.3.0:21:9
MERGED from com.google.android.gms:play-services-base:7.3.0:21:9
MERGED from com.google.android.gms:play-services-base:7.3.0:21:9
MERGED from com.google.android.gms:play-services-base:7.3.0:21:9
MERGED from com.google.android.gms:play-services-base:7.3.0:21:9
MERGED from com.google.android.gms:play-services-base:7.3.0:21:9
MERGED from com.google.android.gms:play-services-base:7.3.0:21:9
MERGED from com.google.android.gms:play-services-base:7.3.0:21:9
MERGED from com.google.android.gms:play-services-base:7.3.0:21:9
MERGED from com.google.android.gms:play-services-base:7.3.0:21:9
	android:name
		ADDED from AndroidManifest.xml:276:13
	android:value
		ADDED from AndroidManifest.xml:277:13
meta-data#com.google.android.maps.v2.API_KEY
ADDED from AndroidManifest.xml:278:9
	android:name
		ADDED from AndroidManifest.xml:279:13
	android:value
		ADDED from AndroidManifest.xml:280:13
meta-data#com.facebook.sdk.ApplicationId
ADDED from AndroidManifest.xml:283:9
	android:name
		ADDED from AndroidManifest.xml:284:13
	android:value
		ADDED from AndroidManifest.xml:285:13
activity#com.facebook.LoginActivity
ADDED from AndroidManifest.xml:287:9
	android:screenOrientation
		ADDED from AndroidManifest.xml:289:13
	android:theme
		ADDED from AndroidManifest.xml:290:13
	android:name
		ADDED from AndroidManifest.xml:288:13
meta-data#io.fabric.ApiKey
ADDED from AndroidManifest.xml:294:9
	android:name
		ADDED from AndroidManifest.xml:295:13
	android:value
		ADDED from AndroidManifest.xml:296:13